0 info it worked if it ends with ok
1 verbose cli [ 'node', '/usr/local/bin/npm', 'update', '-g', 'nodemon' ]
2 info using npm@1.4.28
3 info using node@v0.10.32
4 verbose request where is /nodemon
5 verbose request registry https://registry.npmjs.org/
6 verbose request id 03d25d8ede69c931
7 verbose url raw /nodemon
8 verbose url resolving [ 'https://registry.npmjs.org/', './nodemon' ]
9 verbose url resolved https://registry.npmjs.org/nodemon
10 verbose request where is https://registry.npmjs.org/nodemon
11 info trying registry request attempt 1 at 17:44:55
12 verbose etag "B5ZMVA5ZCWK30CEK7H1SQLV68"
13 http GET https://registry.npmjs.org/nodemon
14 http 200 https://registry.npmjs.org/nodemon
15 silly registry.get cb [ 200,
15 silly registry.get   { date: 'Sun, 19 Apr 2015 00:47:14 GMT',
15 silly registry.get     server: 'CouchDB/1.5.0 (Erlang OTP/R16B03)',
15 silly registry.get     etag: '"CREJFXRJQQSLIQRHBZJ61Y717"',
15 silly registry.get     'content-type': 'application/json',
15 silly registry.get     'cache-control': 'max-age=60',
15 silly registry.get     'content-length': '146451',
15 silly registry.get     'accept-ranges': 'bytes',
15 silly registry.get     via: '1.1 varnish',
15 silly registry.get     age: '17',
15 silly registry.get     'x-served-by': 'cache-sjc3132-SJC',
15 silly registry.get     'x-cache': 'HIT',
15 silly registry.get     'x-cache-hits': '1',
15 silly registry.get     'x-timer': 'S1429404434.193096,VS0,VE0',
15 silly registry.get     vary: 'Accept',
15 silly registry.get     'keep-alive': 'timeout=10, max=50',
15 silly registry.get     connection: 'Keep-Alive' } ]
16 info outdated updating [ [ '/usr/local/lib', 'nodemon', '1.2.1', '1.3.7', '1.3.7', 'latest' ] ]
17 verbose install where,what [ '/usr/local/lib', [ 'nodemon@1.3.7' ] ]
18 verbose cache add [ 'nodemon@1.3.7', null ]
19 verbose cache add name=undefined spec="nodemon@1.3.7" args=["nodemon@1.3.7",null]
20 verbose parsed url { protocol: null,
20 verbose parsed url   slashes: null,
20 verbose parsed url   auth: null,
20 verbose parsed url   host: null,
20 verbose parsed url   port: null,
20 verbose parsed url   hostname: null,
20 verbose parsed url   hash: null,
20 verbose parsed url   search: null,
20 verbose parsed url   query: null,
20 verbose parsed url   pathname: 'nodemon@1.3.7',
20 verbose parsed url   path: 'nodemon@1.3.7',
20 verbose parsed url   href: 'nodemon@1.3.7' }
21 verbose cache add name="nodemon" spec="1.3.7" args=["nodemon","1.3.7"]
22 verbose parsed url { protocol: null,
22 verbose parsed url   slashes: null,
22 verbose parsed url   auth: null,
22 verbose parsed url   host: null,
22 verbose parsed url   port: null,
22 verbose parsed url   hostname: null,
22 verbose parsed url   hash: null,
22 verbose parsed url   search: null,
22 verbose parsed url   query: null,
22 verbose parsed url   pathname: '1.3.7',
22 verbose parsed url   path: '1.3.7',
22 verbose parsed url   href: '1.3.7' }
23 verbose addNamed [ 'nodemon', '1.3.7' ]
24 verbose addNamed [ '1.3.7', '1.3.7' ]
25 silly lockFile fec6bbf0-nodemon-1-3-7 nodemon@1.3.7
26 verbose lock nodemon@1.3.7 /Users/sufisidhu/.npm/fec6bbf0-nodemon-1-3-7.lock
27 verbose registry.get https://registry.npmjs.org/nodemon not expired, no request
28 silly lockFile bcea1563-js-org-nodemon-nodemon-1-3-7-tgz https://registry.npmjs.org/nodemon/-/nodemon-1.3.7.tgz
29 verbose lock https://registry.npmjs.org/nodemon/-/nodemon-1.3.7.tgz /Users/sufisidhu/.npm/bcea1563-js-org-nodemon-nodemon-1-3-7-tgz.lock
30 verbose addRemoteTarball [ 'https://registry.npmjs.org/nodemon/-/nodemon-1.3.7.tgz',
30 verbose addRemoteTarball   '447bc2e01bf499cbf5853f9937496e0a04835449' ]
31 info retry fetch attempt 1 at 17:44:56
32 verbose fetch to= /var/folders/4h/5rqmxf052yq9lmfj15d6pcdh0000gn/T/npm-77278-xOTTDfl-/registry.npmjs.org/nodemon/-/nodemon-1.3.7.tgz
33 http GET https://registry.npmjs.org/nodemon/-/nodemon-1.3.7.tgz
34 http 200 https://registry.npmjs.org/nodemon/-/nodemon-1.3.7.tgz
35 silly lockFile bcea1563-js-org-nodemon-nodemon-1-3-7-tgz https://registry.npmjs.org/nodemon/-/nodemon-1.3.7.tgz
36 silly lockFile bcea1563-js-org-nodemon-nodemon-1-3-7-tgz https://registry.npmjs.org/nodemon/-/nodemon-1.3.7.tgz
37 silly lockFile fec6bbf0-nodemon-1-3-7 nodemon@1.3.7
38 silly lockFile fec6bbf0-nodemon-1-3-7 nodemon@1.3.7
39 error Error: EACCES, mkdir '/Users/sufisidhu/.npm/nodemon/1.3.7'
39 error  { [Error: EACCES, mkdir '/Users/sufisidhu/.npm/nodemon/1.3.7']
39 error   errno: 3,
39 error   code: 'EACCES',
39 error   path: '/Users/sufisidhu/.npm/nodemon/1.3.7' }
40 error Please try running this command again as root/Administrator.
41 error System Darwin 13.3.0
42 error command "node" "/usr/local/bin/npm" "update" "-g" "nodemon"
43 error cwd /Users/sufisidhu/Desktop/Projects/dogearprototype
44 error node -v v0.10.32
45 error npm -v 1.4.28
46 error path /Users/sufisidhu/.npm/nodemon/1.3.7
47 error code EACCES
48 error errno 3
49 error stack Error: EACCES, mkdir '/Users/sufisidhu/.npm/nodemon/1.3.7'
50 verbose exit [ 3, true ]
